-Xajruntimetarget:1.5
-Xlint:ignore
-1.8
-encoding
UTF-8
-showWeaveInfo
-source
1.8
-target
1.8
-verbose
-classpath
/home/thomas/.m2/repository/junit/junit/3.8.1/junit-3.8.1.jar:/home/thomas/.m2/repository/com/amazonaws/aws-lambda-java-core/1.0.0/aws-lambda-java-core-1.0.0.jar:/home/thomas/.m2/repository/org/aspectj/aspectjrt/1.8.11/aspectjrt-1.8.11.jar:/home/thomas/.m2/repository/org/aspectj/aspectjweaver/1.8.11/aspectjweaver-1.8.11.jar:/home/thomas/.m2/repository/com/google/guava/guava/16.0.1/guava-16.0.1.jar:/home/thomas/.m2/repository/com/panayotis/javaplot/javaplot/0.5.0/javaplot-0.5.0.jar:/home/thomas/.m2/repository/javassist/javassist/3.12.1.GA/javassist-3.12.1.GA.jar:/home/thomas/.m2/repository/net/sf/opencsv/opencsv/2.3/opencsv-2.3.jar:/home/thomas/.m2/repository/org/reflections/reflections/0.9.10/reflections-0.9.10.jar:/home/thomas/.m2/repository/org/javassist/javassist/3.19.0-GA/javassist-3.19.0-GA.jar:/home/thomas/.m2/repository/com/google/code/findbugs/annotations/2.0.1/annotations-2.0.1.jar:/media/thomas/05691eca-0591-4f98-8feb-14e836dc8375/CriticalityWorkbench/target/classes
-d
/media/thomas/05691eca-0591-4f98-8feb-14e836dc8375/CriticalityWorkbench/target/classes
/media/thomas/05691eca-0591-4f98-8feb-14e836dc8375/CriticalityWorkbench/src/main/java/com/criticalityworkbench/inputobjects/MaxFlowMinCut.java
/media/thomas/05691eca-0591-4f98-8feb-14e836dc8375/CriticalityWorkbench/src/main/java/com/criticalityworkbench/inputobjects/InputIntegers.java
/media/thomas/05691eca-0591-4f98-8feb-14e836dc8375/CriticalityWorkbench/src/main/java/com/criticalityworkbench/inputobjects/NaiveMultiply.java
/media/thomas/05691eca-0591-4f98-8feb-14e836dc8375/CriticalityWorkbench/src/main/java/com/criticalityworkbench/inputobjects/InputArray2.java
/media/thomas/05691eca-0591-4f98-8feb-14e836dc8375/CriticalityWorkbench/src/main/java/com/criticalityworkbench/inputobjects/InputArray.java
/media/thomas/05691eca-0591-4f98-8feb-14e836dc8375/CriticalityWorkbench/src/main/java/com/criticalityworkbench/inputobjects/InputArray1.java
/media/thomas/05691eca-0591-4f98-8feb-14e836dc8375/CriticalityWorkbench/src/main/java/com/criticalityworkbench/inputobjects/NaiveMatrixMultiply.java
/media/thomas/05691eca-0591-4f98-8feb-14e836dc8375/CriticalityWorkbench/src/main/java/com/criticalityworkbench/inputobjects/DACMatrixMultiply.java
/media/thomas/05691eca-0591-4f98-8feb-14e836dc8375/CriticalityWorkbench/src/main/java/com/criticalityworkbench/inputobjects/InputString.java
/media/thomas/05691eca-0591-4f98-8feb-14e836dc8375/CriticalityWorkbench/src/main/java/com/criticalityworkbench/inputobjects/SumExperiment.java
/media/thomas/05691eca-0591-4f98-8feb-14e836dc8375/CriticalityWorkbench/src/main/java/com/criticalityworkbench/inputobjects/Graph.java
/media/thomas/05691eca-0591-4f98-8feb-14e836dc8375/CriticalityWorkbench/src/main/java/com/criticalityworkbench/inputobjects/InputMatrices.java
/media/thomas/05691eca-0591-4f98-8feb-14e836dc8375/CriticalityWorkbench/src/main/java/com/criticalityworkbench/inputobjects/KaratsubaMultiply.java
/media/thomas/05691eca-0591-4f98-8feb-14e836dc8375/CriticalityWorkbench/src/main/java/com/criticalityworkbench/inputobjects/Dictionary.java
/media/thomas/05691eca-0591-4f98-8feb-14e836dc8375/CriticalityWorkbench/src/main/java/com/criticalityworkbench/inputobjects/Matrix.java
/media/thomas/05691eca-0591-4f98-8feb-14e836dc8375/CriticalityWorkbench/src/main/java/com/criticalityworkbench/inputobjects/HuffmanEncoding.java
/media/thomas/05691eca-0591-4f98-8feb-14e836dc8375/CriticalityWorkbench/src/main/java/com/criticalityworkbench/inputobjects/DACMatrixMultiplyNoScalar.java
/media/thomas/05691eca-0591-4f98-8feb-14e836dc8375/CriticalityWorkbench/src/main/java/com/criticalityworkbench/inputobjects/SumExperiment2.java
/media/thomas/05691eca-0591-4f98-8feb-14e836dc8375/CriticalityWorkbench/src/main/java/com/criticalityworkbench/huffmancoding/CodeTree.java
/media/thomas/05691eca-0591-4f98-8feb-14e836dc8375/CriticalityWorkbench/src/main/java/com/criticalityworkbench/huffmancoding/AdaptiveHuffmanCompress.java
/media/thomas/05691eca-0591-4f98-8feb-14e836dc8375/CriticalityWorkbench/src/main/java/com/criticalityworkbench/huffmancoding/InternalNode.java
/media/thomas/05691eca-0591-4f98-8feb-14e836dc8375/CriticalityWorkbench/src/main/java/com/criticalityworkbench/huffmancoding/BitInputStream.java
/media/thomas/05691eca-0591-4f98-8feb-14e836dc8375/CriticalityWorkbench/src/main/java/com/criticalityworkbench/huffmancoding/CanonicalCode.java
/media/thomas/05691eca-0591-4f98-8feb-14e836dc8375/CriticalityWorkbench/src/main/java/com/criticalityworkbench/huffmancoding/FrequencyTable.java
/media/thomas/05691eca-0591-4f98-8feb-14e836dc8375/CriticalityWorkbench/src/main/java/com/criticalityworkbench/huffmancoding/StringInputStream.java
/media/thomas/05691eca-0591-4f98-8feb-14e836dc8375/CriticalityWorkbench/src/main/java/com/criticalityworkbench/huffmancoding/HuffmanDecoder.java
/media/thomas/05691eca-0591-4f98-8feb-14e836dc8375/CriticalityWorkbench/src/main/java/com/criticalityworkbench/huffmancoding/Node.java
/media/thomas/05691eca-0591-4f98-8feb-14e836dc8375/CriticalityWorkbench/src/main/java/com/criticalityworkbench/huffmancoding/HuffmanDecompress.java
/media/thomas/05691eca-0591-4f98-8feb-14e836dc8375/CriticalityWorkbench/src/main/java/com/criticalityworkbench/huffmancoding/Leaf.java
/media/thomas/05691eca-0591-4f98-8feb-14e836dc8375/CriticalityWorkbench/src/main/java/com/criticalityworkbench/huffmancoding/HuffmanEncoder.java
/media/thomas/05691eca-0591-4f98-8feb-14e836dc8375/CriticalityWorkbench/src/main/java/com/criticalityworkbench/huffmancoding/BitOutputStream.java
/media/thomas/05691eca-0591-4f98-8feb-14e836dc8375/CriticalityWorkbench/src/main/java/com/criticalityworkbench/huffmancoding/StringOutputStream.java
/media/thomas/05691eca-0591-4f98-8feb-14e836dc8375/CriticalityWorkbench/src/main/java/com/criticalityworkbench/huffmancoding/AdaptiveHuffmanDecompress.java
/media/thomas/05691eca-0591-4f98-8feb-14e836dc8375/CriticalityWorkbench/src/main/java/com/criticalityworkbench/huffmancoding/HuffmanCompress.java
/media/thomas/05691eca-0591-4f98-8feb-14e836dc8375/CriticalityWorkbench/src/main/java/com/criticalityworkbench/randcomphandler/BoostedEconomyExperimenter.java
/media/thomas/05691eca-0591-4f98-8feb-14e836dc8375/CriticalityWorkbench/src/main/java/com/criticalityworkbench/randcomphandler/RunTimeTriple.java
/media/thomas/05691eca-0591-4f98-8feb-14e836dc8375/CriticalityWorkbench/src/main/java/com/criticalityworkbench/randcomphandler/DataEnsemble.java
/media/thomas/05691eca-0591-4f98-8feb-14e836dc8375/CriticalityWorkbench/src/main/java/com/criticalityworkbench/randcomphandler/CriticalityExperimenter.java
/media/thomas/05691eca-0591-4f98-8feb-14e836dc8375/CriticalityWorkbench/src/main/java/com/criticalityworkbench/randcomphandler/EnsTriple.java
/media/thomas/05691eca-0591-4f98-8feb-14e836dc8375/CriticalityWorkbench/src/main/java/com/criticalityworkbench/randcomphandler/NoSDCPlotter.java
/media/thomas/05691eca-0591-4f98-8feb-14e836dc8375/CriticalityWorkbench/src/main/java/com/criticalityworkbench/randcomphandler/DefinedLocation.java
/media/thomas/05691eca-0591-4f98-8feb-14e836dc8375/CriticalityWorkbench/src/main/java/com/criticalityworkbench/randcomphandler/EpsilonProbability.java
/media/thomas/05691eca-0591-4f98-8feb-14e836dc8375/CriticalityWorkbench/src/main/java/com/criticalityworkbench/randcomphandler/Location.java
/media/thomas/05691eca-0591-4f98-8feb-14e836dc8375/CriticalityWorkbench/src/main/java/com/criticalityworkbench/randcomphandler/ScorePool.java
/media/thomas/05691eca-0591-4f98-8feb-14e836dc8375/CriticalityWorkbench/src/main/java/com/criticalityworkbench/randcomphandler/Input.java
/media/thomas/05691eca-0591-4f98-8feb-14e836dc8375/CriticalityWorkbench/src/main/java/com/criticalityworkbench/randcomphandler/EconomyEpsilon.java
/media/thomas/05691eca-0591-4f98-8feb-14e836dc8375/CriticalityWorkbench/src/main/java/com/criticalityworkbench/randcomphandler/ExperimentFunction.java
/media/thomas/05691eca-0591-4f98-8feb-14e836dc8375/CriticalityWorkbench/src/main/java/com/criticalityworkbench/randcomphandler/EpsilonExperimenter.java
/media/thomas/05691eca-0591-4f98-8feb-14e836dc8375/CriticalityWorkbench/src/main/java/com/criticalityworkbench/randcomphandler/OutOfTimeException.java
/media/thomas/05691eca-0591-4f98-8feb-14e836dc8375/CriticalityWorkbench/src/main/java/com/criticalityworkbench/randcomphandler/Experimenter.java
/media/thomas/05691eca-0591-4f98-8feb-14e836dc8375/CriticalityWorkbench/src/main/java/com/criticalityworkbench/randcomphandler/NumBuilder.java
/media/thomas/05691eca-0591-4f98-8feb-14e836dc8375/CriticalityWorkbench/src/main/java/com/criticalityworkbench/randcomphandler/NullEpsilon.java
/media/thomas/05691eca-0591-4f98-8feb-14e836dc8375/CriticalityWorkbench/src/main/java/com/criticalityworkbench/randcomphandler/GraphBuilder.java
/media/thomas/05691eca-0591-4f98-8feb-14e836dc8375/CriticalityWorkbench/src/main/java/com/criticalityworkbench/randcomphandler/RunId.java
/media/thomas/05691eca-0591-4f98-8feb-14e836dc8375/CriticalityWorkbench/src/main/java/com/criticalityworkbench/randcomphandler/BoostedEconomyEpsilon.java
/media/thomas/05691eca-0591-4f98-8feb-14e836dc8375/CriticalityWorkbench/src/main/java/com/criticalityworkbench/randcomphandler/Experiment.java
/media/thomas/05691eca-0591-4f98-8feb-14e836dc8375/CriticalityWorkbench/src/main/java/com/criticalityworkbench/randcomphandler/EconomyExperimenter.java
/media/thomas/05691eca-0591-4f98-8feb-14e836dc8375/CriticalityWorkbench/src/main/java/com/criticalityworkbench/randcomphandler/Randomize.java
/media/thomas/05691eca-0591-4f98-8feb-14e836dc8375/CriticalityWorkbench/src/main/java/com/criticalityworkbench/randcomphandler/RunsPlotter.java
/media/thomas/05691eca-0591-4f98-8feb-14e836dc8375/CriticalityWorkbench/src/main/java/com/criticalityworkbench/randcomphandler/NoSDCEnsTriple.java
/media/thomas/05691eca-0591-4f98-8feb-14e836dc8375/CriticalityWorkbench/src/main/java/com/criticalityworkbench/randcomphandler/DataExtractor.java
/media/thomas/05691eca-0591-4f98-8feb-14e836dc8375/CriticalityWorkbench/src/main/java/com/criticalityworkbench/randcomphandler/AbstractLocation.java
/media/thomas/05691eca-0591-4f98-8feb-14e836dc8375/CriticalityWorkbench/src/main/java/com/criticalityworkbench/randcomphandler/BoostedEnsTriple.java
/media/thomas/05691eca-0591-4f98-8feb-14e836dc8375/CriticalityWorkbench/src/main/java/com/criticalityworkbench/randcomphandler/StringDistances.java
/media/thomas/05691eca-0591-4f98-8feb-14e836dc8375/CriticalityWorkbench/src/main/java/com/criticalityworkbench/randcomphandler/RandCompHandler.java
/media/thomas/05691eca-0591-4f98-8feb-14e836dc8375/CriticalityWorkbench/src/main/java/com/criticalityworkbench/randcomphandler/RandomMethod.aj
/media/thomas/05691eca-0591-4f98-8feb-14e836dc8375/CriticalityWorkbench/src/main/java/com/criticalityworkbench/randcomphandler/Plotter.java
/media/thomas/05691eca-0591-4f98-8feb-14e836dc8375/CriticalityWorkbench/src/main/java/com/criticalityworkbench/randcomphandler/Score.java
